Starting Dynare (version 4.6-unstable).
Starting preprocessing of the model file ...
Found 273 equation(s).
Evaluating expressions...done
Computing static model derivatives:
 - order 1
Computing dynamic model derivatives:
 - order 1
 - order 2
Preprocessing completed.

Iteration report
----------------
 Iter     inv. cond. jac.         Largest |f|   Index largest |f|
    0                               2.100e+02                   7
    1            8.38e-04           8.504e+01                1646
    2            3.27e-05           2.608e-01                 827
    3            3.15e-05           1.578e-05                1100
    4            3.15e-05           1.000e-11                4093
Convergence after 4 iterations
Total time function eval. : 0.635031
Total time Jacobian.      : 0.52143
Total time LU fact.       : 0.19129
Total time solve          : 0.004487
Starting Dynare (version 4.6-unstable).
Starting preprocessing of the model file ...
Found 1083 equation(s).
Evaluating expressions...done
Computing static model derivatives:
 - order 1
Computing dynamic model derivatives:
 - order 1
 - order 2
Preprocessing completed.

Iteration report
----------------
 Iter     inv. cond. jac.         Largest |f|   Index largest |f|
    0                               2.100e+02                   7
    1            8.46e-04           8.506e+01                6506
    2            1.58e-05           2.685e-01                3257
    3            2.13e-05           1.625e-05                4340
    4            2.13e-05           1.528e-10               10828
Convergence after 4 iterations
Total time function eval. : 2.5963
Total time Jacobian.      : 5.25306
Total time LU fact.       : 0.727029
Total time solve          : 0.027217
Starting Dynare (version 4.6-unstable).
Starting preprocessing of the model file ...
Found 1983 equation(s).
Evaluating expressions...done
Computing static model derivatives:
 - order 1
Computing dynamic model derivatives:
 - order 1
 - order 2
Preprocessing completed.

Iteration report
----------------
 Iter     inv. cond. jac.         Largest |f|   Index largest |f|
    0                               2.100e+02                   7
    1            2.77e-04           8.506e+01               11906
    2            1.48e-05           2.697e-01                5957
    3            1.11e-05           1.632e-05                7940
    4            1.11e-05           5.530e-10               23794
Convergence after 4 iterations
Total time function eval. : 5.52428
Total time Jacobian.      : 7.79682
Total time LU fact.       : 3.54875
Total time solve          : 0.057946
Starting Dynare (version 4.6-unstable).
Starting preprocessing of the model file ...
Found 4683 equation(s).
Evaluating expressions...done
Computing static model derivatives:
 - order 1
Computing dynamic model derivatives:
 - order 1
 - order 2
Preprocessing completed.

Iteration report
----------------
 Iter     inv. cond. jac.         Largest |f|   Index largest |f|
    0                               2.100e+02                   7
    1            1.25e-04           8.506e+01               28106
    2            3.72e-06           2.705e-01               14057
    3            3.72e-06           1.637e-05               18740
    4            3.72e-06           2.910e-09               65560
Convergence after 4 iterations
Total time function eval. : 29.4915
Total time Jacobian.      : 37.7907
Total time LU fact.       : 36.6649
Total time solve          : 0.294712
Starting Dynare (version 4.6-unstable).
Starting preprocessing of the model file ...
Found 273 equation(s).
Evaluating expressions...done
Computing static model derivatives:
 - order 1
Computing dynamic model derivatives:
 - order 1
 - order 2
Preprocessing completed.

Solving backwards model for period 2017Q1/2021Q2
Convergence for 2017Q1 in 4 iterations
Convergence for 2017Q2 in 4 iterations
Convergence for 2017Q3 in 4 iterations
Convergence for 2017Q4 in 4 iterations
Convergence for 2018Q1 in 4 iterations
Convergence for 2018Q2 in 4 iterations
Convergence for 2018Q3 in 4 iterations
Convergence for 2018Q4 in 4 iterations
Convergence for 2019Q1 in 4 iterations
Convergence for 2019Q2 in 3 iterations
Convergence for 2019Q3 in 3 iterations
Convergence for 2019Q4 in 3 iterations
Convergence for 2020Q1 in 3 iterations
Convergence for 2020Q2 in 3 iterations
Convergence for 2020Q3 in 3 iterations
Convergence for 2020Q4 in 3 iterations
Convergence for 2021Q1 in 3 iterations
Convergence for 2021Q2 in 3 iterations
Total number of iterations: 63
Total time function eval. : 0.756679
Total time Jacobian.      : 0.507437
Total time LU fact.       : 0.074773
Total time solve          : 0.003706
Starting Dynare (version 4.6-unstable).
Starting preprocessing of the model file ...
Found 1083 equation(s).
Evaluating expressions...done
Computing static model derivatives:
 - order 1
Computing dynamic model derivatives:
 - order 1
 - order 2
Preprocessing completed.

Solving backwards model for period 2017Q1/2021Q2
Convergence for 2017Q1 in 4 iterations
Convergence for 2017Q2 in 4 iterations
Convergence for 2017Q3 in 4 iterations
Convergence for 2017Q4 in 4 iterations
Convergence for 2018Q1 in 4 iterations
Convergence for 2018Q2 in 4 iterations
Convergence for 2018Q3 in 4 iterations
Convergence for 2018Q4 in 4 iterations
Convergence for 2019Q1 in 4 iterations
Convergence for 2019Q2 in 3 iterations
Convergence for 2019Q3 in 3 iterations
Convergence for 2019Q4 in 3 iterations
Convergence for 2020Q1 in 3 iterations
Convergence for 2020Q2 in 3 iterations
Convergence for 2020Q3 in 3 iterations
Convergence for 2020Q4 in 3 iterations
Convergence for 2021Q1 in 3 iterations
Convergence for 2021Q2 in 3 iterations
Total number of iterations: 63
Total time function eval. : 3.68813
Total time Jacobian.      : 3.66783
Total time LU fact.       : 0.218723
Total time solve          : 0.01421
Starting Dynare (version 4.6-unstable).
Starting preprocessing of the model file ...
Found 1983 equation(s).
Evaluating expressions...done
Computing static model derivatives:
 - order 1
Computing dynamic model derivatives:
 - order 1
 - order 2
Preprocessing completed.

Solving backwards model for period 2017Q1/2021Q2
Convergence for 2017Q1 in 4 iterations
Convergence for 2017Q2 in 4 iterations
Convergence for 2017Q3 in 4 iterations
Convergence for 2017Q4 in 4 iterations
Convergence for 2018Q1 in 4 iterations
Convergence for 2018Q2 in 4 iterations
Convergence for 2018Q3 in 4 iterations
Convergence for 2018Q4 in 4 iterations
Convergence for 2019Q1 in 4 iterations
Convergence for 2019Q2 in 3 iterations
Convergence for 2019Q3 in 3 iterations
Convergence for 2019Q4 in 3 iterations
Convergence for 2020Q1 in 3 iterations
Convergence for 2020Q2 in 3 iterations
Convergence for 2020Q3 in 3 iterations
Convergence for 2020Q4 in 3 iterations
Convergence for 2021Q1 in 3 iterations
Convergence for 2021Q2 in 3 iterations
Total number of iterations: 63
Total time function eval. : 8.61095
Total time Jacobian.      : 6.96573
Total time LU fact.       : 0.289263
Total time solve          : 0.026872
Starting Dynare (version 4.6-unstable).
Starting preprocessing of the model file ...
Found 4683 equation(s).
Evaluating expressions...done
Computing static model derivatives:
 - order 1
Computing dynamic model derivatives:
 - order 1
 - order 2
Preprocessing completed.

Solving backwards model for period 2017Q1/2021Q2
Convergence for 2017Q1 in 4 iterations
Convergence for 2017Q2 in 4 iterations
Convergence for 2017Q3 in 4 iterations
Convergence for 2017Q4 in 4 iterations
Convergence for 2018Q1 in 4 iterations
Convergence for 2018Q2 in 4 iterations
Convergence for 2018Q3 in 4 iterations
Convergence for 2018Q4 in 4 iterations
Convergence for 2019Q1 in 4 iterations
Convergence for 2019Q2 in 3 iterations
Convergence for 2019Q3 in 3 iterations
Convergence for 2019Q4 in 3 iterations
Convergence for 2020Q1 in 3 iterations
Convergence for 2020Q2 in 3 iterations
Convergence for 2020Q3 in 3 iterations
Convergence for 2020Q4 in 3 iterations
Convergence for 2021Q1 in 3 iterations
Convergence for 2021Q2 in 3 iterations
Total number of iterations: 63
Total time function eval. : 31.0938
Total time Jacobian.      : 45.6742
Total time LU fact.       : 0.850692
Total time solve          : 0.06412
  nextra_countries stacked_time  neq         backwards
1               10        1.187  273 0.794999999999987
2              100        8.014 1083            16.312
3              200       15.036 1983  9.72499999999999
4              500      131.649 4683            72.684
