Starting Dynare (version 4.6-unstable).
Starting preprocessing of the model file ...
Found 273 equation(s).
Evaluating expressions...done
Computing static model derivatives:
 - order 1
Computing dynamic model derivatives:
 - order 1
 - order 2
Preprocessing completed.

Iteration report
----------------
 Iter     inv. cond. jac.         Largest |f|   Index largest |f|
    0                               2.100e+02                   7
    1                 nan           8.513e+01                 827
    2                 nan           2.120e-01                 554
    3                 nan           1.281e-05                 554
    4                 nan           8.185e-12                2454
Starting Dynare (version 4.6-unstable).
Starting preprocessing of the model file ...
Found 1083 equation(s).
Evaluating expressions...done
Computing static model derivatives:
 - order 1
Computing dynamic model derivatives:
 - order 1
 - order 2
Preprocessing completed.

Iteration report
----------------
 Iter     inv. cond. jac.         Largest |f|   Index largest |f|
    0                               2.100e+02                   7
    1                 nan           8.515e+01                3257
    2                 nan           2.185e-01                2174
    3                 nan           1.318e-05                2174
    4                 nan           1.419e-10                7579
Starting Dynare (version 4.6-unstable).
Starting preprocessing of the model file ...
Found 1983 equation(s).
Evaluating expressions...done
Computing static model derivatives:
 - order 1
Computing dynamic model derivatives:
 - order 1
 - order 2
Preprocessing completed.

Iteration report
----------------
 Iter     inv. cond. jac.         Largest |f|   Index largest |f|
    0                               2.100e+02                   7
    1                 nan           8.515e+01                5957
    2                 nan           2.194e-01                3974
    3                 nan           1.324e-05                3974
    4                 nan           4.802e-10               11895
  nextra_countries cpu time
1               10    1.288
2              100    8.936
3              200   19.792
