Starting Dynare (version 4.6-unstable).
Starting preprocessing of the model file ...
Found 70 equation(s).
Evaluating expressions...done
Computing static model derivatives:
 - order 1
Computing dynamic model derivatives:
 - order 1
 - order 2
Preprocessing completed.

Iteration report
----------------
 Iter     inv. cond. jac.         Largest |f|   Index largest |f|
    0                               1.582e+02                   3
    1            1.76e-02           6.356e-01                  11
    2            1.81e-02           1.632e-04                  11
    3            1.81e-02           1.120e-11                  12
Convergence after 3 iterations
Total time function eval. : 1
Total time Jacobian.      : 0.704
Total time LU fact.       : 0.046
Total time solve          : 0
Starting Dynare (version 4.6-unstable).
Starting preprocessing of the model file ...
Found 350 equation(s).
Evaluating expressions...done
Computing static model derivatives:
 - order 1
Computing dynamic model derivatives:
 - order 1
 - order 2
Preprocessing completed.

Iteration report
----------------
 Iter     inv. cond. jac.         Largest |f|   Index largest |f|
    0                               1.582e+02                   3
    1            1.76e-02           6.356e-01                  11
    2            1.81e-02           1.632e-04                  11
    3            1.81e-02           1.120e-11                  12
Convergence after 3 iterations
Total time function eval. : 5.406
Total time Jacobian.      : 4.204
Total time LU fact.       : 0.265
Total time solve          : 0.016
Starting Dynare (version 4.6-unstable).
Starting preprocessing of the model file ...
Found 700 equation(s).
Evaluating expressions...done
Computing static model derivatives:
 - order 1
Computing dynamic model derivatives:
 - order 1
 - order 2
Preprocessing completed.

Iteration report
----------------
 Iter     inv. cond. jac.         Largest |f|   Index largest |f|
    0                               1.582e+02                   3
    1            1.76e-02           6.356e-01                  11
    2            1.81e-02           1.632e-04                  11
    3            1.81e-02           1.120e-11                  12
Convergence after 3 iterations
Total time function eval. : 11.155
Total time Jacobian.      : 11.209
Total time LU fact.       : 0.562
Total time solve          : 0.048
  ncountries neq user_times sys_times elapsed_times
1         10  70       1.75      0.00          1.75
2         50 350       9.85      0.06          9.90
3        100 700      22.86      0.12         22.98
