Loading required package: regts
Loading required package: methods
Starting Dynare (version 4.6-unstable).
Starting preprocessing of the model file ...
Found 273 equation(s).
Evaluating expressions...done
Computing static model derivatives:
 - order 1
Computing dynamic model derivatives:
 - order 1
 - order 2
Preprocessing completed.

Iteration report
----------------
 Iter     inv. cond. jac.         Largest |f|   Index largest |f|
    0                               2.100e+02                   7
    1            1.46e-05           8.513e+01                 827
    2            9.84e-07           2.120e-01                 554
    3            4.79e-06           1.281e-05                 554
    4            4.79e-06           9.095e-12                7915
Convergence after 4 iterations
Total time function eval. : 4.94127
Total time Jacobian.      : 3.07077
Total time LU fact.       : 1.51427
Total time solve          : 0.095605
Starting Dynare (version 4.6-unstable).
Starting preprocessing of the model file ...
Found 633 equation(s).
Evaluating expressions...done
Computing static model derivatives:
 - order 1
Computing dynamic model derivatives:
 - order 1
 - order 2
Preprocessing completed.

Iteration report
----------------
 Iter     inv. cond. jac.         Largest |f|   Index largest |f|
    0                               2.100e+02                   7
    1            1.87e-06           8.514e+01                1907
    2            2.58e-06           2.169e-01                1274
    3            8.95e-06           1.309e-05                1274
    4            8.95e-06           4.366e-11                5694
Convergence after 4 iterations
Total time function eval. : 11.4838
Total time Jacobian.      : 12.8276
Total time LU fact.       : 19.2008
Total time solve          : 0.384897
Starting Dynare (version 4.6-unstable).
Starting preprocessing of the model file ...
Found 1083 equation(s).
Evaluating expressions...done
Computing static model derivatives:
 - order 1
Computing dynamic model derivatives:
 - order 1
 - order 2
Preprocessing completed.

Iteration report
----------------
 Iter     inv. cond. jac.         Largest |f|   Index largest |f|
    0                               2.100e+02                   7
    1            2.63e-05           8.515e+01                3257
    2            5.31e-06           2.185e-01                2174
    3            5.32e-06           1.318e-05                2174
    4            5.32e-06           1.673e-10              209016
Convergence after 4 iterations
Total time function eval. : 24.315
Total time Jacobian.      : 57.2386
Total time LU fact.       : 109.8
Total time solve          : 0.690621
  nextra_countries  neq cpu time
1               10  273    8.696
2               50  633    35.01
3              100 1083  170.787
