Loading required package: regts
Loading required package: methods
Starting Dynare (version 4.6-unstable).
Starting preprocessing of the model file ...
Found 273 equation(s).
Evaluating expressions...done
Computing static model derivatives:
 - order 1
Computing dynamic model derivatives:
 - order 1
 - order 2
Preprocessing completed.

Iteration report
----------------
 Iter     inv. cond. jac.         Largest |f|   Index largest |f|
    0                               2.100e+02                   7
    1            1.46e-05           8.513e+01                 827
    2            9.84e-07           2.120e-01                 554
    3            4.79e-06           1.281e-05                 554
    4            4.79e-06           9.095e-12                7915
Convergence after 4 iterations
Total time function eval. : 3.77171
Total time Jacobian.      : 2.60686
Total time LU fact.       : 1.59466
Total time solve          : 0.0976
Starting Dynare (version 4.6-unstable).
Starting preprocessing of the model file ...
Found 633 equation(s).
Evaluating expressions...done
Computing static model derivatives:
 - order 1
Computing dynamic model derivatives:
 - order 1
 - order 2
Preprocessing completed.

Iteration report
----------------
 Iter     inv. cond. jac.         Largest |f|   Index largest |f|
    0                               2.100e+02                   7
    1            1.87e-06           8.514e+01                1907
    2            2.58e-06           2.169e-01                1274
    3            8.95e-06           1.309e-05                1274
    4            8.95e-06           4.366e-11                5694
Convergence after 4 iterations
Total time function eval. : 8.30865
Total time Jacobian.      : 13.1213
Total time LU fact.       : 19.6469
Total time solve          : 0.392513
Starting Dynare (version 4.6-unstable).
Starting preprocessing of the model file ...
Found 1083 equation(s).
Evaluating expressions...done
Computing static model derivatives:
 - order 1
Computing dynamic model derivatives:
 - order 1
 - order 2
Preprocessing completed.

Iteration report
----------------
 Iter     inv. cond. jac.         Largest |f|   Index largest |f|
    0                               2.100e+02                   7
    1            2.63e-05           8.515e+01                3257
    2            5.31e-06           2.185e-01                2174
    3            5.32e-06           1.318e-05                2174
    4            5.32e-06           1.673e-10              209016
Convergence after 4 iterations
Total time function eval. : 15.702
Total time Jacobian.      : 62.8801
Total time LU fact.       : 117.082
Total time solve          : 0.795199
  nextra_countries  neq cpu time
1               10  273        7
2               50  633   32.493
3              100 1083  197.332
