Loading required package: regts
Loading required package: methods
Starting Dynare (version 4.6-unstable).
Starting preprocessing of the model file ...
Found 273 equation(s).
Evaluating expressions...done
Computing static model derivatives:
 - order 1
Computing dynamic model derivatives:
 - order 1
 - order 2
Preprocessing completed.
Compiling C functions ...
gcc -std=gnu99 -I/usr/share/R/include -DNDEBUG      -fpic  -g -O2 -fstack-protector --param=ssp-buffer-size=4 -Wformat -Werror=format-security -D_FORTIFY_SOURCE=2 -g  -c islm_countries_10/mdl_functions.c -o islm_countries_10/mdl_functions.o gcc -std=gnu99 -shared -L/usr/lib/R/lib -Wl,-Bsymbolic-functions -Wl,-z,relro -o islm_countries_10/mdl_functions.so islm_countries_10/mdl_functions.o islm_countries_10/f_static.o islm_countries_10/f_dynamic.o -L/usr/lib/R/lib -lRDone

Iteration report
----------------
 Iter     inv. cond. jac.         Largest |f|   Index largest |f|
    0                               2.100e+02                   7
    1            1.46e-05           8.513e+01                 827
    2            9.84e-07           2.120e-01                 554
    3            4.79e-06           1.281e-05                 554
    4            4.79e-06           9.095e-12                7915
Convergence after 4 iterations
Total time function eval. : 0.075878
Total time Jacobian.      : 0.831693
Total time LU fact.       : 1.5473
Total time solve          : 0.089387
Starting Dynare (version 4.6-unstable).
Starting preprocessing of the model file ...
Found 633 equation(s).
Evaluating expressions...done
Computing static model derivatives:
 - order 1
Computing dynamic model derivatives:
 - order 1
 - order 2
Preprocessing completed.
Compiling C functions ...
gcc -std=gnu99 -I/usr/share/R/include -DNDEBUG      -fpic  -g -O2 -fstack-protector --param=ssp-buffer-size=4 -Wformat -Werror=format-security -D_FORTIFY_SOURCE=2 -g  -c islm_countries_50/mdl_functions.c -o islm_countries_50/mdl_functions.o gcc -std=gnu99 -shared -L/usr/lib/R/lib -Wl,-Bsymbolic-functions -Wl,-z,relro -o islm_countries_50/mdl_functions.so islm_countries_50/mdl_functions.o islm_countries_50/f_static.o islm_countries_50/f_dynamic.o -L/usr/lib/R/lib -lRDone

Iteration report
----------------
 Iter     inv. cond. jac.         Largest |f|   Index largest |f|
    0                               2.100e+02                   7
    1            1.87e-06           8.514e+01                1907
    2            2.58e-06           2.169e-01                1274
    3            8.95e-06           1.309e-05                1274
    4            8.95e-06           4.366e-11                5694
Convergence after 4 iterations
Total time function eval. : 0.093985
Total time Jacobian.      : 1.17072
Total time LU fact.       : 18.4911
Total time solve          : 0.378097
Starting Dynare (version 4.6-unstable).
Starting preprocessing of the model file ...
Found 1083 equation(s).
Evaluating expressions...done
Computing static model derivatives:
 - order 1
Computing dynamic model derivatives:
 - order 1
 - order 2
Preprocessing completed.
Compiling C functions ...
gcc -std=gnu99 -I/usr/share/R/include -DNDEBUG      -fpic  -g -O2 -fstack-protector --param=ssp-buffer-size=4 -Wformat -Werror=format-security -D_FORTIFY_SOURCE=2 -g  -c islm_countries_100/mdl_functions.c -o islm_countries_100/mdl_functions.o gcc -std=gnu99 -shared -L/usr/lib/R/lib -Wl,-Bsymbolic-functions -Wl,-z,relro -o islm_countries_100/mdl_functions.so islm_countries_100/mdl_functions.o islm_countries_100/f_static.o islm_countries_100/f_dynamic.o -L/usr/lib/R/lib -lRDone

Iteration report
----------------
 Iter     inv. cond. jac.         Largest |f|   Index largest |f|
    0                               2.100e+02                   7
    1            2.63e-05           8.515e+01                3257
    2            5.31e-06           2.185e-01                2174
    3            5.32e-06           1.318e-05                2174
    4            5.32e-06           1.673e-10              209016
Convergence after 4 iterations
Total time function eval. : 0.232057
Total time Jacobian.      : 2.57861
Total time LU fact.       : 112.925
Total time solve          : 0.759518
  nextra_countries  neq cpu time
1               10  273    1.534
2               50  633   11.193
3              100 1083   79.426
